Entropy components at T = 300.00 K and P = 100000.0 Pa:
=================================================
                           S               T*S
S_trans (1 bar)    0.0015775 eV/K        0.473 eV
S_rot              0.0004538 eV/K        0.136 eV
S_elec             0.0000947 eV/K        0.028 eV
S_vib              0.0000002 eV/K        0.000 eV
S (1 bar -> P)    -0.0000000 eV/K       -0.000 eV
-------------------------------------------------
S                  0.0021261 eV/K        0.638 eV
=================================================
Vibrational energies of O2: [0.        +0.01565793j 0.        +0.00212889j 0.01682394+0.j
 0.02381501+0.j         0.02739225+0.j         0.2207488 +0.j        ]
Potential Energy of O2: -8.72755 eV
Entropy of O2: 0.00213 eV/K
Entropy of O2: 205.14099 J/mol K
Total runtime: 8.291796684265137
Entropy components at T = 300.00 K and P = 100000.0 Pa:
=================================================
                           S               T*S
S_trans (1 bar)    0.0015775 eV/K        0.473 eV
S_rot              0.0004538 eV/K        0.136 eV
S_elec             0.0000947 eV/K        0.028 eV
S_vib              0.0000002 eV/K        0.000 eV
S (1 bar -> P)    -0.0000000 eV/K       -0.000 eV
-------------------------------------------------
S                  0.0021261 eV/K        0.638 eV
=================================================
Entropy components at T = 300.00 K and P = 100000.0 Pa:
=================================================
                           S               T*S
S_trans (1 bar)    0.0015775 eV/K        0.473 eV
S_rot              0.0004538 eV/K        0.136 eV
S_elec             0.0000947 eV/K        0.028 eV
S_vib              0.0000002 eV/K        0.000 eV
S (1 bar -> P)    -0.0000000 eV/K       -0.000 eV
-------------------------------------------------
S                  0.0021261 eV/K        0.638 eV
=================================================
Entropy components at T = 300.00 K and P = 100000.0 Pa:
=================================================
                           S               T*S
S_trans (1 bar)    0.0015775 eV/K        0.473 eV
S_rot              0.0004538 eV/K        0.136 eV
S_elec             0.0000947 eV/K        0.028 eV
S_vib              0.0000002 eV/K        0.000 eV
S (1 bar -> P)    -0.0000000 eV/K       -0.000 eV
-------------------------------------------------
S                  0.0021261 eV/K        0.638 eV
=================================================
Entropy components at T = 300.00 K and P = 100000.0 Pa:
=================================================
                           S               T*S
S_trans (1 bar)    0.0015775 eV/K        0.473 eV
S_rot              0.0004538 eV/K        0.136 eV
S_elec             0.0000947 eV/K        0.028 eV
S_vib              0.0000002 eV/K        0.000 eV
S (1 bar -> P)    -0.0000000 eV/K       -0.000 eV
-------------------------------------------------
S                  0.0021261 eV/K        0.638 eV
=================================================
Entropy components at T = 300.00 K and P = 100000.0 Pa:
=================================================
                           S               T*S
S_trans (1 bar)    0.0015775 eV/K        0.473 eV
S_rot              0.0004538 eV/K        0.136 eV
S_elec             0.0000947 eV/K        0.028 eV
S_vib              0.0000002 eV/K        0.000 eV
S (1 bar -> P)    -0.0000000 eV/K       -0.000 eV
-------------------------------------------------
S                  0.0021261 eV/K        0.638 eV
=================================================
Entropy components at T = 300.00 K and P = 100000.0 Pa:
=================================================
                           S               T*S
S_trans (1 bar)    0.0015775 eV/K        0.473 eV
S_rot              0.0004538 eV/K        0.136 eV
S_elec             0.0000947 eV/K        0.028 eV
S_vib              0.0000002 eV/K        0.000 eV
S (1 bar -> P)    -0.0000000 eV/K       -0.000 eV
-------------------------------------------------
S                  0.0021261 eV/K        0.638 eV
=================================================
Entropy components at T = 300.00 K and P = 100000.0 Pa:
=================================================
                           S               T*S
S_trans (1 bar)    0.0015775 eV/K        0.473 eV
S_rot              0.0004538 eV/K        0.136 eV
S_elec             0.0000947 eV/K        0.028 eV
S_vib              0.0000002 eV/K        0.000 eV
S (1 bar -> P)    -0.0000000 eV/K       -0.000 eV
-------------------------------------------------
S                  0.0021261 eV/K        0.638 eV
=================================================
Entropy components at T = 300.00 K and P = 100000.0 Pa:
=================================================
                           S               T*S
S_trans (1 bar)    0.0015775 eV/K        0.473 eV
S_rot              0.0004538 eV/K        0.136 eV
S_elec             0.0000947 eV/K        0.028 eV
S_vib              0.0000002 eV/K        0.000 eV
S (1 bar -> P)    -0.0000000 eV/K       -0.000 eV
-------------------------------------------------
S                  0.0021261 eV/K        0.638 eV
=================================================
Entropy components at T = 300.00 K and P = 100000.0 Pa:
=================================================
                           S               T*S
S_trans (1 bar)    0.0015775 eV/K        0.473 eV
S_rot              0.0004538 eV/K        0.136 eV
S_elec             0.0000947 eV/K        0.028 eV
S_vib              0.0000002 eV/K        0.000 eV
S (1 bar -> P)    -0.0000000 eV/K       -0.000 eV
-------------------------------------------------
S                  0.0021261 eV/K        0.638 eV
=================================================
Entropy components at T = 300.00 K and P = 100000.0 Pa:
=================================================
                           S               T*S
S_trans (1 bar)    0.0015775 eV/K        0.473 eV
S_rot              0.0004538 eV/K        0.136 eV
S_elec             0.0000947 eV/K        0.028 eV
S_vib              0.0000002 eV/K        0.000 eV
S (1 bar -> P)    -0.0000000 eV/K       -0.000 eV
-------------------------------------------------
S                  0.0021261 eV/K        0.638 eV
=================================================
Entropy components at T = 300.00 K and P = 100000.0 Pa:
=================================================
                           S               T*S
S_trans (1 bar)    0.0015775 eV/K        0.473 eV
S_rot              0.0004538 eV/K        0.136 eV
S_elec             0.0000947 eV/K        0.028 eV
S_vib              0.0000002 eV/K        0.000 eV
S (1 bar -> P)    -0.0000000 eV/K       -0.000 eV
-------------------------------------------------
S                  0.0021261 eV/K        0.638 eV
=================================================
Entropy components at T = 300.00 K and P = 100000.0 Pa:
=================================================
                           S               T*S
S_trans (1 bar)    0.0015775 eV/K        0.473 eV
S_rot              0.0004538 eV/K        0.136 eV
S_elec             0.0000947 eV/K        0.028 eV
S_vib              0.0000002 eV/K        0.000 eV
S (1 bar -> P)    -0.0000000 eV/K       -0.000 eV
-------------------------------------------------
S                  0.0021261 eV/K        0.638 eV
=================================================
Entropy components at T = 300.00 K and P = 100000.0 Pa:
=================================================
                           S               T*S
S_trans (1 bar)    0.0015775 eV/K        0.473 eV
S_rot              0.0004538 eV/K        0.136 eV
S_elec             0.0000947 eV/K        0.028 eV
S_vib              0.0000002 eV/K        0.000 eV
S (1 bar -> P)    -0.0000000 eV/K       -0.000 eV
-------------------------------------------------
S                  0.0021261 eV/K        0.638 eV
=================================================
Entropy components at T = 300.00 K and P = 100000.0 Pa:
=================================================
                           S               T*S
S_trans (1 bar)    0.0015775 eV/K        0.473 eV
S_rot              0.0004538 eV/K        0.136 eV
S_elec             0.0000947 eV/K        0.028 eV
S_vib              0.0000002 eV/K        0.000 eV
S (1 bar -> P)    -0.0000000 eV/K       -0.000 eV
-------------------------------------------------
S                  0.0021261 eV/K        0.638 eV
=================================================
Entropy components at T = 300.00 K and P = 100000.0 Pa:
=================================================
                           S               T*S
S_trans (1 bar)    0.0015775 eV/K        0.473 eV
S_rot              0.0004538 eV/K        0.136 eV
S_elec             0.0000947 eV/K        0.028 eV
S_vib              0.0000002 eV/K        0.000 eV
S (1 bar -> P)    -0.0000000 eV/K       -0.000 eV
-------------------------------------------------
S                  0.0021261 eV/K        0.638 eV
=================================================
Entropy components at T = 300.00 K and P = 100000.0 Pa:
=================================================
                           S               T*S
S_trans (1 bar)    0.0015603 eV/K        0.468 eV
S_rot              0.0005003 eV/K        0.150 eV
S_elec             0.0000000 eV/K        0.000 eV
S_vib              0.0000001 eV/K        0.000 eV
S (1 bar -> P)    -0.0000000 eV/K       -0.000 eV
-------------------------------------------------
S                  0.0020607 eV/K        0.618 eV
=================================================
Entropy components at T = 300.00 K and P = 100000.0 Pa:
=================================================
                           S               T*S
S_trans (1 bar)    0.0015603 eV/K        0.468 eV
S_rot              0.0005003 eV/K        0.150 eV
S_elec             0.0000000 eV/K        0.000 eV
S_vib              0.0000001 eV/K        0.000 eV
S (1 bar -> P)    -0.0000000 eV/K       -0.000 eV
-------------------------------------------------
S                  0.0020607 eV/K        0.618 eV
=================================================
Entropy components at T = 300.00 K and P = 100000.0 Pa:
=================================================
                           S               T*S
S_trans (1 bar)    0.0015603 eV/K        0.468 eV
Entropy components at T = 300.00 K and P = 100000.0 Pa:
=================================================
                           S               T*S
S_trans (1 bar)    0.0015603 eV/K        0.468 eV
Entropy components at T = 300.00 K and P = 100000.0 Pa:
=================================================
                           S               T*S
S_trans (1 bar)    0.0015603 eV/K        0.468 eV
S_rot              0.0005003 eV/K        0.150 eV
S_elec             0.0000000 eV/K        0.000 eV
S_vib              0.0000001 eV/K        0.000 eV
S (1 bar -> P)    -0.0000000 eV/K       -0.000 eV
-------------------------------------------------
S                  0.0020607 eV/K        0.618 eV
=================================================
Entropy components at T = 300.00 K and P = 100000.0 Pa:
=================================================
                           S               T*S
S_trans (1 bar)    0.0015603 eV/K        0.468 eV
S_rot              0.0005003 eV/K        0.150 eV
S_elec             0.0000000 eV/K        0.000 eV
S_vib              0.0000001 eV/K        0.000 eV
S (1 bar -> P)    -0.0000000 eV/K       -0.000 eV
-------------------------------------------------
S                  0.0020607 eV/K        0.618 eV
=================================================
Entropy components at T = 300.00 K and P = 100000.0 Pa:
=================================================
                           S               T*S
S_trans (1 bar)    0.0015603 eV/K        0.468 eV
S_rot              0.0005003 eV/K        0.150 eV
S_elec             0.0000000 eV/K        0.000 eV
S_vib              0.0000001 eV/K        0.000 eV
S (1 bar -> P)    -0.0000000 eV/K       -0.000 eV
-------------------------------------------------
S                  0.0020607 eV/K        0.618 eV
=================================================
Entropy components at T = 300.00 K and P = 100000.0 Pa:
=================================================
                           S               T*S
S_trans (1 bar)    0.0015603 eV/K        0.468 eV
S_rot              0.0005003 eV/K        0.150 eV
S_elec             0.0000000 eV/K        0.000 eV
S_vib              0.0000001 eV/K        0.000 eV
S (1 bar -> P)    -0.0000000 eV/K       -0.000 eV
-------------------------------------------------
S                  0.0020607 eV/K        0.618 eV
=================================================
Entropy components at T = 300.00 K and P = 100000.0 Pa:
=================================================
                           S               T*S
S_trans (1 bar)    0.0015603 eV/K        0.468 eV
Entropy components at T = 300.00 K and P = 100000.0 Pa:
=================================================
                           S               T*S
Entropy components at T = 300.00 K and P = 100000.0 Pa:
=================================================
                           S               T*S
S_trans (1 bar)    0.0015603 eV/K        0.468 eV
Entropy components at T = 300.00 K and P = 100000.0 Pa:
=================================================
                           S               T*S
S_trans (1 bar)    0.0015603 eV/K        0.468 eV
Entropy components at T = 300.00 K and P = 100000.0 Pa:
=================================================
                           S               T*S
S_trans (1 bar)    0.0015603 eV/K        0.468 eV
Entropy components at T = 300.00 K and P = 100000.0 Pa:
=================================================
                           S               T*S
S_trans (1 bar)    0.0015603 eV/K        0.468 eV
S_rot              0.0005003 eV/K        0.150 eV
S_elec             0.0000000 eV/K        0.000 eV
S_vib              0.0000001 eV/K        0.000 eV
S (1 bar -> P)    -0.0000000 eV/K       -0.000 eV
-------------------------------------------------
S                  0.0020607 eV/K        0.618 eV
=================================================
Entropy components at T = 300.00 K and P = 100000.0 Pa:
=================================================
                           S               T*S
S_trans (1 bar)    0.0015603 eV/K        0.468 eV
S_rot              0.0005003 eV/K        0.150 eV
S_elec             0.0000000 eV/K        0.000 eV
S_vib              0.0000001 eV/K        0.000 eV
S (1 bar -> P)    -0.0000000 eV/K       -0.000 eV
-------------------------------------------------
S                  0.0020607 eV/K        0.618 eV
=================================================
S_rot              0.0005003 eV/K        0.150 eV
S_elec             0.0000000 eV/K        0.000 eV
S_vib              0.0000001 eV/K        0.000 eV
S (1 bar -> P)    -0.0000000 eV/K       -0.000 eV
-------------------------------------------------
S                  0.0020607 eV/K        0.618 eV
=================================================
S_rot              0.0005003 eV/K        0.150 eV
S_elec             0.0000000 eV/K        0.000 eV
S_vib              0.0000001 eV/K        0.000 eV
S (1 bar -> P)    -0.0000000 eV/K       -0.000 eV
-------------------------------------------------
S                  0.0020607 eV/K        0.618 eV
=================================================
S_trans (1 bar)    0.0015603 eV/K        0.468 eV
S_rot              0.0005003 eV/K        0.150 eV
S_elec             0.0000000 eV/K        0.000 eV
S_vib              0.0000001 eV/K        0.000 eV
S (1 bar -> P)    -0.0000000 eV/K       -0.000 eV
-------------------------------------------------
S                  0.0020607 eV/K        0.618 eV
=================================================
Entropy components at T = 300.00 K and P = 100000.0 Pa:
=================================================
                           S               T*S
S_trans (1 bar)    0.0015603 eV/K        0.468 eV
S_rot              0.0005003 eV/K        0.150 eV
S_elec             0.0000000 eV/K        0.000 eV
S_vib              0.0000001 eV/K        0.000 eV
S (1 bar -> P)    -0.0000000 eV/K       -0.000 eV
-------------------------------------------------
S                  0.0020607 eV/K        0.618 eV
=================================================
S_rot              0.0005003 eV/K        0.150 eV
S_elec             0.0000000 eV/K        0.000 eV
S_vib              0.0000001 eV/K        0.000 eV
S (1 bar -> P)    -0.0000000 eV/K       -0.000 eV
-------------------------------------------------
S                  0.0020607 eV/K        0.618 eV
=================================================
S_rot              0.0005003 eV/K        0.150 eV
S_elec             0.0000000 eV/K        0.000 eV
S_vib              0.0000001 eV/K        0.000 eV
S (1 bar -> P)    -0.0000000 eV/K       -0.000 eV
-------------------------------------------------
S                  0.0020607 eV/K        0.618 eV
=================================================
S_rot              0.0005003 eV/K        0.150 eV
S_elec             0.0000000 eV/K        0.000 eV
S_vib              0.0000001 eV/K        0.000 eV
S (1 bar -> P)    -0.0000000 eV/K       -0.000 eV
-------------------------------------------------
S                  0.0020607 eV/K        0.618 eV
=================================================
S_rot              0.0005003 eV/K        0.150 eV
S_elec             0.0000000 eV/K        0.000 eV
S_vib              0.0000001 eV/K        0.000 eV
S (1 bar -> P)    -0.0000000 eV/K       -0.000 eV
-------------------------------------------------
S                  0.0020607 eV/K        0.618 eV
=================================================
Vibrational energies of CO: [0.        +0.01696375j 0.        +0.00227753j 0.01797247+0.j
 0.02536491+0.j         0.02956875+0.j         0.23839757+0.j        ]
Potential Energy of CO: -14.02411 eV
Entropy of CO: 0.00206 eV/K
Entropy of CO: 198.82548 J/mol K
Total runtime: 14.207948446273804
