Scan through lattice parameters for Au...
element = Au; a0 = 3.50 Å; energy = 1.31729 eV
element = Au; a0 = 3.51 Å; energy = 1.22051 eV
element = Au; a0 = 3.51 Å; energy = 1.12530 eV
element = Au; a0 = 3.52 Å; energy = 1.03175 eV
element = Au; a0 = 3.52 Å; energy = 0.93985 eV
element = Au; a0 = 3.53 Å; energy = 0.84953 eV
element = Au; a0 = 3.53 Å; energy = 0.76074 eV
element = Au; a0 = 3.54 Å; energy = 0.67358 eV
element = Au; a0 = 3.54 Å; energy = 0.58790 eV
element = Au; a0 = 3.55 Å; energy = 0.50366 eV
element = Au; a0 = 3.55 Å; energy = 0.42096 eV
element = Au; a0 = 3.56 Å; energy = 0.33965 eV
element = Au; a0 = 3.56 Å; energy = 0.25980 eV
element = Au; a0 = 3.57 Å; energy = 0.18143 eV
element = Au; a0 = 3.57 Å; energy = 0.10443 eV
element = Au; a0 = 3.58 Å; energy = 0.02874 eV
element = Au; a0 = 3.58 Å; energy = -0.04558 eV
element = Au; a0 = 3.59 Å; energy = -0.11852 eV
element = Au; a0 = 3.59 Å; energy = -0.19018 eV
element = Au; a0 = 3.60 Å; energy = -0.26056 eV
element = Au; a0 = 3.60 Å; energy = -0.32963 eV
element = Au; a0 = 3.61 Å; energy = -0.39742 eV
element = Au; a0 = 3.61 Å; energy = -0.46402 eV
element = Au; a0 = 3.62 Å; energy = -0.52944 eV
element = Au; a0 = 3.62 Å; energy = -0.59360 eV
element = Au; a0 = 3.63 Å; energy = -0.65662 eV
element = Au; a0 = 3.63 Å; energy = -0.71844 eV
element = Au; a0 = 3.64 Å; energy = -0.77902 eV
element = Au; a0 = 3.64 Å; energy = -0.83856 eV
element = Au; a0 = 3.65 Å; energy = -0.89696 eV
element = Au; a0 = 3.65 Å; energy = -0.95429 eV
element = Au; a0 = 3.66 Å; energy = -1.01055 eV
element = Au; a0 = 3.66 Å; energy = -1.06572 eV
element = Au; a0 = 3.67 Å; energy = -1.11982 eV
element = Au; a0 = 3.67 Å; energy = -1.17291 eV
element = Au; a0 = 3.68 Å; energy = -1.22491 eV
element = Au; a0 = 3.68 Å; energy = -1.27595 eV
element = Au; a0 = 3.69 Å; energy = -1.32597 eV
element = Au; a0 = 3.69 Å; energy = -1.37505 eV
element = Au; a0 = 3.70 Å; energy = -1.42312 eV
element = Au; a0 = 3.70 Å; energy = -1.47030 eV
element = Au; a0 = 3.71 Å; energy = -1.51652 eV
element = Au; a0 = 3.71 Å; energy = -1.56178 eV
element = Au; a0 = 3.72 Å; energy = -1.60613 eV
element = Au; a0 = 3.72 Å; energy = -1.64964 eV
element = Au; a0 = 3.73 Å; energy = -1.69219 eV
element = Au; a0 = 3.73 Å; energy = -1.73395 eV
element = Au; a0 = 3.74 Å; energy = -1.77475 eV
element = Au; a0 = 3.74 Å; energy = -1.81482 eV
element = Au; a0 = 3.75 Å; energy = -1.85404 eV
element = Au; a0 = 3.75 Å; energy = -1.89237 eV
element = Au; a0 = 3.76 Å; energy = -1.92997 eV
element = Au; a0 = 3.76 Å; energy = -1.96679 eV
element = Au; a0 = 3.77 Å; energy = -2.00281 eV
element = Au; a0 = 3.77 Å; energy = -2.03801 eV
element = Au; a0 = 3.78 Å; energy = -2.07244 eV
element = Au; a0 = 3.78 Å; energy = -2.10613 eV
element = Au; a0 = 3.79 Å; energy = -2.13915 eV
element = Au; a0 = 3.79 Å; energy = -2.17142 eV
element = Au; a0 = 3.80 Å; energy = -2.20294 eV
element = Au; a0 = 3.80 Å; energy = -2.23379 eV
element = Au; a0 = 3.81 Å; energy = -2.26390 eV
element = Au; a0 = 3.81 Å; energy = -2.29338 eV
element = Au; a0 = 3.82 Å; energy = -2.32212 eV
element = Au; a0 = 3.82 Å; energy = -2.35023 eV
element = Au; a0 = 3.83 Å; energy = -2.37764 eV
element = Au; a0 = 3.83 Å; energy = -2.40451 eV
element = Au; a0 = 3.84 Å; energy = -2.43062 eV
element = Au; a0 = 3.84 Å; energy = -2.45617 eV
element = Au; a0 = 3.85 Å; energy = -2.48114 eV
element = Au; a0 = 3.85 Å; energy = -2.50540 eV
element = Au; a0 = 3.86 Å; energy = -2.52914 eV
element = Au; a0 = 3.86 Å; energy = -2.55228 eV
element = Au; a0 = 3.87 Å; energy = -2.57481 eV
element = Au; a0 = 3.87 Å; energy = -2.59673 eV
element = Au; a0 = 3.88 Å; energy = -2.61819 eV
element = Au; a0 = 3.88 Å; energy = -2.63902 eV
element = Au; a0 = 3.89 Å; energy = -2.65933 eV
element = Au; a0 = 3.89 Å; energy = -2.67915 eV
element = Au; a0 = 3.90 Å; energy = -2.69831 eV
element = Au; a0 = 3.90 Å; energy = -2.71711 eV
element = Au; a0 = 3.91 Å; energy = -2.73529 eV
element = Au; a0 = 3.91 Å; energy = -2.75299 eV
element = Au; a0 = 3.92 Å; energy = -2.77019 eV
element = Au; a0 = 3.92 Å; energy = -2.78697 eV
element = Au; a0 = 3.93 Å; energy = -2.80317 eV
element = Au; a0 = 3.93 Å; energy = -2.81892 eV
element = Au; a0 = 3.94 Å; energy = -2.83425 eV
element = Au; a0 = 3.94 Å; energy = -2.84914 eV
element = Au; a0 = 3.95 Å; energy = -2.86349 eV
element = Au; a0 = 3.95 Å; energy = -2.87747 eV
element = Au; a0 = 3.96 Å; energy = -2.89098 eV
element = Au; a0 = 3.96 Å; energy = -2.90408 eV
element = Au; a0 = 3.97 Å; energy = -2.91675 eV
element = Au; a0 = 3.97 Å; energy = -2.92900 eV
element = Au; a0 = 3.98 Å; energy = -2.94083 eV
element = Au; a0 = 3.98 Å; energy = -2.95230 eV
element = Au; a0 = 3.99 Å; energy = -2.96333 eV
element = Au; a0 = 3.99 Å; energy = -2.97401 eV
element = Au; a0 = 4.00 Å; energy = -2.98427 eV
element = Au; a0 = 4.00 Å; energy = -2.99417 eV
element = Au; a0 = 4.01 Å; energy = -3.00373 eV
element = Au; a0 = 4.01 Å; energy = -3.01285 eV
element = Au; a0 = 4.02 Å; energy = -3.02167 eV
element = Au; a0 = 4.02 Å; energy = -3.03012 eV
element = Au; a0 = 4.03 Å; energy = -3.03824 eV
element = Au; a0 = 4.03 Å; energy = -3.04603 eV
element = Au; a0 = 4.04 Å; energy = -3.05346 eV
element = Au; a0 = 4.04 Å; energy = -3.06056 eV
element = Au; a0 = 4.05 Å; energy = -3.06739 eV
element = Au; a0 = 4.05 Å; energy = -3.07387 eV
element = Au; a0 = 4.06 Å; energy = -3.08003 eV
element = Au; a0 = 4.06 Å; energy = -3.08587 eV
element = Au; a0 = 4.07 Å; energy = -3.09141 eV
element = Au; a0 = 4.07 Å; energy = -3.09662 eV
element = Au; a0 = 4.08 Å; energy = -3.10162 eV
element = Au; a0 = 4.08 Å; energy = -3.10622 eV
element = Au; a0 = 4.09 Å; energy = -3.11063 eV
element = Au; a0 = 4.09 Å; energy = -3.11475 eV
element = Au; a0 = 4.10 Å; energy = -3.11858 eV
element = Au; a0 = 4.10 Å; energy = -3.12210 eV
element = Au; a0 = 4.11 Å; energy = -3.12539 eV
element = Au; a0 = 4.11 Å; energy = -3.12846 eV
element = Au; a0 = 4.12 Å; energy = -3.13122 eV
element = Au; a0 = 4.12 Å; energy = -3.13375 eV
element = Au; a0 = 4.13 Å; energy = -3.13602 eV
element = Au; a0 = 4.13 Å; energy = -3.13805 eV
element = Au; a0 = 4.14 Å; energy = -3.13985 eV
element = Au; a0 = 4.14 Å; energy = -3.14143 eV
element = Au; a0 = 4.15 Å; energy = -3.14273 eV
element = Au; a0 = 4.15 Å; energy = -3.14385 eV
element = Au; a0 = 4.16 Å; energy = -3.14472 eV
element = Au; a0 = 4.16 Å; energy = -3.14537 eV
element = Au; a0 = 4.17 Å; energy = -3.14582 eV
element = Au; a0 = 4.17 Å; energy = -3.14603 eV
element = Au; a0 = 4.18 Å; energy = -3.14604 eV
element = Au; a0 = 4.18 Å; energy = -3.14589 eV
element = Au; a0 = 4.19 Å; energy = -3.14547 eV
element = Au; a0 = 4.19 Å; energy = -3.14491 eV
element = Au; a0 = 4.20 Å; energy = -3.14413 eV
element = Au; a0 = 4.20 Å; energy = -3.14315 eV
element = Au; a0 = 4.21 Å; energy = -3.14200 eV
element = Au; a0 = 4.21 Å; energy = -3.14066 eV
element = Au; a0 = 4.22 Å; energy = -3.13917 eV
element = Au; a0 = 4.22 Å; energy = -3.13745 eV
element = Au; a0 = 4.23 Å; energy = -3.13557 eV
element = Au; a0 = 4.23 Å; energy = -3.13352 eV
element = Au; a0 = 4.24 Å; energy = -3.13133 eV
element = Au; a0 = 4.24 Å; energy = -3.12896 eV
element = Au; a0 = 4.25 Å; energy = -3.12643 eV
element = Au; a0 = 4.25 Å; energy = -3.12374 eV
element = Au; a0 = 4.26 Å; energy = -3.12089 eV
element = Au; a0 = 4.26 Å; energy = -3.11786 eV
element = Au; a0 = 4.27 Å; energy = -3.11477 eV
element = Au; a0 = 4.27 Å; energy = -3.11149 eV
element = Au; a0 = 4.28 Å; energy = -3.10805 eV
element = Au; a0 = 4.28 Å; energy = -3.10448 eV
element = Au; a0 = 4.29 Å; energy = -3.10078 eV
element = Au; a0 = 4.29 Å; energy = -3.09692 eV
element = Au; a0 = 4.30 Å; energy = -3.09291 eV
element = Au; a0 = 4.30 Å; energy = -3.08883 eV
element = Au; a0 = 4.31 Å; energy = -3.08464 eV
element = Au; a0 = 4.31 Å; energy = -3.08027 eV
element = Au; a0 = 4.32 Å; energy = -3.07581 eV
element = Au; a0 = 4.32 Å; energy = -3.07125 eV
element = Au; a0 = 4.33 Å; energy = -3.06655 eV
element = Au; a0 = 4.33 Å; energy = -3.06176 eV
element = Au; a0 = 4.34 Å; energy = -3.05686 eV
element = Au; a0 = 4.34 Å; energy = -3.05183 eV
element = Au; a0 = 4.35 Å; energy = -3.04673 eV
element = Au; a0 = 4.35 Å; energy = -3.04146 eV
element = Au; a0 = 4.36 Å; energy = -3.03617 eV
element = Au; a0 = 4.36 Å; energy = -3.03074 eV
element = Au; a0 = 4.37 Å; energy = -3.02527 eV
element = Au; a0 = 4.37 Å; energy = -3.01963 eV
element = Au; a0 = 4.38 Å; energy = -3.01392 eV
element = Au; a0 = 4.38 Å; energy = -3.00815 eV
element = Au; a0 = 4.39 Å; energy = -3.00226 eV
element = Au; a0 = 4.39 Å; energy = -2.99634 eV
element = Au; a0 = 4.40 Å; energy = -2.99029 eV
element = Au; a0 = 4.40 Å; energy = -2.98416 eV
element = Au; a0 = 4.41 Å; energy = -2.97801 eV
element = Au; a0 = 4.41 Å; energy = -2.97175 eV
element = Au; a0 = 4.42 Å; energy = -2.96543 eV
element = Au; a0 = 4.42 Å; energy = -2.95896 eV
element = Au; a0 = 4.43 Å; energy = -2.95247 eV
element = Au; a0 = 4.43 Å; energy = -2.94590 eV
element = Au; a0 = 4.44 Å; energy = -2.93929 eV
element = Au; a0 = 4.44 Å; energy = -2.93261 eV
element = Au; a0 = 4.45 Å; energy = -2.92583 eV
element = Au; a0 = 4.45 Å; energy = -2.91902 eV
element = Au; a0 = 4.46 Å; energy = -2.91214 eV
element = Au; a0 = 4.46 Å; energy = -2.90515 eV
element = Au; a0 = 4.47 Å; energy = -2.89816 eV
element = Au; a0 = 4.47 Å; energy = -2.89113 eV
element = Au; a0 = 4.48 Å; energy = -2.88400 eV
element = Au; a0 = 4.48 Å; energy = -2.87682 eV
element = Au; a0 = 4.49 Å; energy = -2.86961 eV
element = Au; a0 = 4.49 Å; energy = -2.86228 eV
element = Au; a0 = 4.50 Å; energy = -2.85497 eV
Scan through lattice parameters for Pt...
element = Pt; a0 = 3.50 Å; energy = -3.82741 eV
element = Pt; a0 = 3.51 Å; energy = -3.89869 eV
element = Pt; a0 = 3.51 Å; energy = -3.96865 eV
element = Pt; a0 = 3.52 Å; energy = -4.03722 eV
element = Pt; a0 = 3.52 Å; energy = -4.10441 eV
element = Pt; a0 = 3.53 Å; energy = -4.17030 eV
element = Pt; a0 = 3.53 Å; energy = -4.23490 eV
element = Pt; a0 = 3.54 Å; energy = -4.29813 eV
element = Pt; a0 = 3.54 Å; energy = -4.36012 eV
element = Pt; a0 = 3.55 Å; energy = -4.42090 eV
element = Pt; a0 = 3.55 Å; energy = -4.48040 eV
element = Pt; a0 = 3.56 Å; energy = -4.53873 eV
element = Pt; a0 = 3.56 Å; energy = -4.59582 eV
element = Pt; a0 = 3.57 Å; energy = -4.65168 eV
element = Pt; a0 = 3.57 Å; energy = -4.70638 eV
element = Pt; a0 = 3.58 Å; energy = -4.75997 eV
element = Pt; a0 = 3.58 Å; energy = -4.81241 eV
element = Pt; a0 = 3.59 Å; energy = -4.86370 eV
element = Pt; a0 = 3.59 Å; energy = -4.91391 eV
element = Pt; a0 = 3.60 Å; energy = -4.96303 eV
element = Pt; a0 = 3.60 Å; energy = -5.01105 eV
element = Pt; a0 = 3.61 Å; energy = -5.05800 eV
element = Pt; a0 = 3.61 Å; energy = -5.10391 eV
element = Pt; a0 = 3.62 Å; energy = -5.14883 eV
element = Pt; a0 = 3.62 Å; energy = -5.19269 eV
element = Pt; a0 = 3.63 Å; energy = -5.23558 eV
element = Pt; a0 = 3.63 Å; energy = -5.27747 eV
element = Pt; a0 = 3.64 Å; energy = -5.31831 eV
element = Pt; a0 = 3.64 Å; energy = -5.35827 eV
element = Pt; a0 = 3.65 Å; energy = -5.39727 eV
element = Pt; a0 = 3.65 Å; energy = -5.43534 eV
element = Pt; a0 = 3.66 Å; energy = -5.47249 eV
element = Pt; a0 = 3.66 Å; energy = -5.50873 eV
element = Pt; a0 = 3.67 Å; energy = -5.54407 eV
element = Pt; a0 = 3.67 Å; energy = -5.57855 eV
element = Pt; a0 = 3.68 Å; energy = -5.61210 eV
element = Pt; a0 = 3.68 Å; energy = -5.64483 eV
element = Pt; a0 = 3.69 Å; energy = -5.67671 eV
element = Pt; a0 = 3.69 Å; energy = -5.70778 eV
element = Pt; a0 = 3.70 Å; energy = -5.73801 eV
element = Pt; a0 = 3.70 Å; energy = -5.76745 eV
element = Pt; a0 = 3.71 Å; energy = -5.79609 eV
element = Pt; a0 = 3.71 Å; energy = -5.82391 eV
element = Pt; a0 = 3.72 Å; energy = -5.85096 eV
element = Pt; a0 = 3.72 Å; energy = -5.87728 eV
element = Pt; a0 = 3.73 Å; energy = -5.90281 eV
element = Pt; a0 = 3.73 Å; energy = -5.92764 eV
element = Pt; a0 = 3.74 Å; energy = -5.95168 eV
element = Pt; a0 = 3.74 Å; energy = -5.97506 eV
element = Pt; a0 = 3.75 Å; energy = -5.99773 eV
element = Pt; a0 = 3.75 Å; energy = -6.01966 eV
element = Pt; a0 = 3.76 Å; energy = -6.04095 eV
element = Pt; a0 = 3.76 Å; energy = -6.06157 eV
element = Pt; a0 = 3.77 Å; energy = -6.08151 eV
element = Pt; a0 = 3.77 Å; energy = -6.10077 eV
element = Pt; a0 = 3.78 Å; energy = -6.11937 eV
element = Pt; a0 = 3.78 Å; energy = -6.13733 eV
element = Pt; a0 = 3.79 Å; energy = -6.15473 eV
element = Pt; a0 = 3.79 Å; energy = -6.17148 eV
element = Pt; a0 = 3.80 Å; energy = -6.18761 eV
element = Pt; a0 = 3.80 Å; energy = -6.20316 eV
element = Pt; a0 = 3.81 Å; energy = -6.21810 eV
element = Pt; a0 = 3.81 Å; energy = -6.23249 eV
element = Pt; a0 = 3.82 Å; energy = -6.24626 eV
element = Pt; a0 = 3.82 Å; energy = -6.25950 eV
element = Pt; a0 = 3.83 Å; energy = -6.27216 eV
element = Pt; a0 = 3.83 Å; energy = -6.28434 eV
element = Pt; a0 = 3.84 Å; energy = -6.29590 eV
element = Pt; a0 = 3.84 Å; energy = -6.30698 eV
element = Pt; a0 = 3.85 Å; energy = -6.31758 eV
element = Pt; a0 = 3.85 Å; energy = -6.32757 eV
element = Pt; a0 = 3.86 Å; energy = -6.33712 eV
element = Pt; a0 = 3.86 Å; energy = -6.34618 eV
element = Pt; a0 = 3.87 Å; energy = -6.35472 eV
element = Pt; a0 = 3.87 Å; energy = -6.36275 eV
element = Pt; a0 = 3.88 Å; energy = -6.37038 eV
element = Pt; a0 = 3.88 Å; energy = -6.37748 eV
element = Pt; a0 = 3.89 Å; energy = -6.38417 eV
element = Pt; a0 = 3.89 Å; energy = -6.39042 eV
element = Pt; a0 = 3.90 Å; energy = -6.39613 eV
element = Pt; a0 = 3.90 Å; energy = -6.40152 eV
element = Pt; a0 = 3.91 Å; energy = -6.40640 eV
element = Pt; a0 = 3.91 Å; energy = -6.41088 eV
element = Pt; a0 = 3.92 Å; energy = -6.41493 eV
element = Pt; a0 = 3.92 Å; energy = -6.41863 eV
element = Pt; a0 = 3.93 Å; energy = -6.42186 eV
element = Pt; a0 = 3.93 Å; energy = -6.42470 eV
element = Pt; a0 = 3.94 Å; energy = -6.42719 eV
element = Pt; a0 = 3.94 Å; energy = -6.42930 eV
element = Pt; a0 = 3.95 Å; energy = -6.43097 eV
element = Pt; a0 = 3.95 Å; energy = -6.43233 eV
element = Pt; a0 = 3.96 Å; energy = -6.43329 eV
element = Pt; a0 = 3.96 Å; energy = -6.43391 eV
element = Pt; a0 = 3.97 Å; energy = -6.43418 eV
element = Pt; a0 = 3.97 Å; energy = -6.43409 eV
element = Pt; a0 = 3.98 Å; energy = -6.43366 eV
element = Pt; a0 = 3.98 Å; energy = -6.43292 eV
element = Pt; a0 = 3.99 Å; energy = -6.43182 eV
element = Pt; a0 = 3.99 Å; energy = -6.43043 eV
element = Pt; a0 = 4.00 Å; energy = -6.42869 eV
element = Pt; a0 = 4.00 Å; energy = -6.42665 eV
element = Pt; a0 = 4.01 Å; energy = -6.42432 eV
element = Pt; a0 = 4.01 Å; energy = -6.42164 eV
element = Pt; a0 = 4.02 Å; energy = -6.41869 eV
element = Pt; a0 = 4.02 Å; energy = -6.41544 eV
element = Pt; a0 = 4.03 Å; energy = -6.41194 eV
element = Pt; a0 = 4.03 Å; energy = -6.40815 eV
element = Pt; a0 = 4.04 Å; energy = -6.40406 eV
element = Pt; a0 = 4.04 Å; energy = -6.39970 eV
element = Pt; a0 = 4.05 Å; energy = -6.39508 eV
element = Pt; a0 = 4.05 Å; energy = -6.39020 eV
element = Pt; a0 = 4.06 Å; energy = -6.38507 eV
element = Pt; a0 = 4.06 Å; energy = -6.37968 eV
element = Pt; a0 = 4.07 Å; energy = -6.37405 eV
element = Pt; a0 = 4.07 Å; energy = -6.36814 eV
element = Pt; a0 = 4.08 Å; energy = -6.36207 eV
element = Pt; a0 = 4.08 Å; energy = -6.35567 eV
element = Pt; a0 = 4.09 Å; energy = -6.34912 eV
element = Pt; a0 = 4.09 Å; energy = -6.34234 eV
element = Pt; a0 = 4.10 Å; energy = -6.33531 eV
element = Pt; a0 = 4.10 Å; energy = -6.32804 eV
element = Pt; a0 = 4.11 Å; energy = -6.32059 eV
element = Pt; a0 = 4.11 Å; energy = -6.31295 eV
element = Pt; a0 = 4.12 Å; energy = -6.30508 eV
element = Pt; a0 = 4.12 Å; energy = -6.29702 eV
element = Pt; a0 = 4.13 Å; energy = -6.28875 eV
element = Pt; a0 = 4.13 Å; energy = -6.28030 eV
element = Pt; a0 = 4.14 Å; energy = -6.27166 eV
element = Pt; a0 = 4.14 Å; energy = -6.26285 eV
element = Pt; a0 = 4.15 Å; energy = -6.25382 eV
element = Pt; a0 = 4.15 Å; energy = -6.24464 eV
element = Pt; a0 = 4.16 Å; energy = -6.23528 eV
element = Pt; a0 = 4.16 Å; energy = -6.22574 eV
element = Pt; a0 = 4.17 Å; energy = -6.21606 eV
element = Pt; a0 = 4.17 Å; energy = -6.20619 eV
element = Pt; a0 = 4.18 Å; energy = -6.19616 eV
element = Pt; a0 = 4.18 Å; energy = -6.18601 eV
element = Pt; a0 = 4.19 Å; energy = -6.17565 eV
element = Pt; a0 = 4.19 Å; energy = -6.16519 eV
element = Pt; a0 = 4.20 Å; energy = -6.15456 eV
element = Pt; a0 = 4.20 Å; energy = -6.14379 eV
element = Pt; a0 = 4.21 Å; energy = -6.13288 eV
element = Pt; a0 = 4.21 Å; energy = -6.12183 eV
element = Pt; a0 = 4.22 Å; energy = -6.11067 eV
element = Pt; a0 = 4.22 Å; energy = -6.09935 eV
element = Pt; a0 = 4.23 Å; energy = -6.08790 eV
element = Pt; a0 = 4.23 Å; energy = -6.07633 eV
element = Pt; a0 = 4.24 Å; energy = -6.06465 eV
element = Pt; a0 = 4.24 Å; energy = -6.05284 eV
element = Pt; a0 = 4.25 Å; energy = -6.04092 eV
element = Pt; a0 = 4.25 Å; energy = -6.02888 eV
element = Pt; a0 = 4.26 Å; energy = -6.01672 eV
element = Pt; a0 = 4.26 Å; energy = -6.00443 eV
element = Pt; a0 = 4.27 Å; energy = -5.99210 eV
element = Pt; a0 = 4.27 Å; energy = -5.97963 eV
element = Pt; a0 = 4.28 Å; energy = -5.96706 eV
element = Pt; a0 = 4.28 Å; energy = -5.95438 eV
element = Pt; a0 = 4.29 Å; energy = -5.94162 eV
element = Pt; a0 = 4.29 Å; energy = -5.92873 eV
element = Pt; a0 = 4.30 Å; energy = -5.91575 eV
element = Pt; a0 = 4.30 Å; energy = -5.90271 eV
element = Pt; a0 = 4.31 Å; energy = -5.88960 eV
element = Pt; a0 = 4.31 Å; energy = -5.87636 eV
element = Pt; a0 = 4.32 Å; energy = -5.86305 eV
element = Pt; a0 = 4.32 Å; energy = -5.84968 eV
element = Pt; a0 = 4.33 Å; energy = -5.83622 eV
element = Pt; a0 = 4.33 Å; energy = -5.82268 eV
element = Pt; a0 = 4.34 Å; energy = -5.80900 eV
element = Pt; a0 = 4.34 Å; energy = -5.79530 eV
element = Pt; a0 = 4.35 Å; energy = -5.78156 eV
element = Pt; a0 = 4.35 Å; energy = -5.76770 eV
element = Pt; a0 = 4.36 Å; energy = -5.75382 eV
element = Pt; a0 = 4.36 Å; energy = -5.73986 eV
element = Pt; a0 = 4.37 Å; energy = -5.72586 eV
element = Pt; a0 = 4.37 Å; energy = -5.71176 eV
element = Pt; a0 = 4.38 Å; energy = -5.69760 eV
element = Pt; a0 = 4.38 Å; energy = -5.68342 eV
element = Pt; a0 = 4.39 Å; energy = -5.66915 eV
element = Pt; a0 = 4.39 Å; energy = -5.65487 eV
element = Pt; a0 = 4.40 Å; energy = -5.64051 eV
element = Pt; a0 = 4.40 Å; energy = -5.62609 eV
element = Pt; a0 = 4.41 Å; energy = -5.61166 eV
element = Pt; a0 = 4.41 Å; energy = -5.59717 eV
element = Pt; a0 = 4.42 Å; energy = -5.58265 eV
element = Pt; a0 = 4.42 Å; energy = -5.56803 eV
element = Pt; a0 = 4.43 Å; energy = -5.55341 eV
element = Pt; a0 = 4.43 Å; energy = -5.53873 eV
element = Pt; a0 = 4.44 Å; energy = -5.52404 eV
element = Pt; a0 = 4.44 Å; energy = -5.50930 eV
element = Pt; a0 = 4.45 Å; energy = -5.49452 eV
element = Pt; a0 = 4.45 Å; energy = -5.47972 eV
element = Pt; a0 = 4.46 Å; energy = -5.46488 eV
element = Pt; a0 = 4.46 Å; energy = -5.44998 eV
element = Pt; a0 = 4.47 Å; energy = -5.43510 eV
element = Pt; a0 = 4.47 Å; energy = -5.42019 eV
element = Pt; a0 = 4.48 Å; energy = -5.40522 eV
element = Pt; a0 = 4.48 Å; energy = -5.39024 eV
element = Pt; a0 = 4.49 Å; energy = -5.37524 eV
element = Pt; a0 = 4.49 Å; energy = -5.36019 eV
element = Pt; a0 = 4.50 Å; energy = -5.34515 eV
Scan through lattice parameters for Rh...
element = Rh; a0 = 3.50 Å; energy = -6.15172 eV
element = Rh; a0 = 3.51 Å; energy = -6.19232 eV
element = Rh; a0 = 3.51 Å; energy = -6.23202 eV
element = Rh; a0 = 3.52 Å; energy = -6.27081 eV
element = Rh; a0 = 3.52 Å; energy = -6.30860 eV
element = Rh; a0 = 3.53 Å; energy = -6.34553 eV
element = Rh; a0 = 3.53 Å; energy = -6.38160 eV
element = Rh; a0 = 3.54 Å; energy = -6.41670 eV
element = Rh; a0 = 3.54 Å; energy = -6.45096 eV
element = Rh; a0 = 3.55 Å; energy = -6.48443 eV
element = Rh; a0 = 3.55 Å; energy = -6.51700 eV
element = Rh; a0 = 3.56 Å; energy = -6.54881 eV
element = Rh; a0 = 3.56 Å; energy = -6.57974 eV
element = Rh; a0 = 3.57 Å; energy = -6.60982 eV
element = Rh; a0 = 3.57 Å; energy = -6.63913 eV
element = Rh; a0 = 3.58 Å; energy = -6.66771 eV
element = Rh; a0 = 3.58 Å; energy = -6.69547 eV
element = Rh; a0 = 3.59 Å; energy = -6.72244 eV
element = Rh; a0 = 3.59 Å; energy = -6.74871 eV
element = Rh; a0 = 3.60 Å; energy = -6.77422 eV
element = Rh; a0 = 3.60 Å; energy = -6.79900 eV
element = Rh; a0 = 3.61 Å; energy = -6.82303 eV
element = Rh; a0 = 3.61 Å; energy = -6.84637 eV
element = Rh; a0 = 3.62 Å; energy = -6.86906 eV
element = Rh; a0 = 3.62 Å; energy = -6.89099 eV
element = Rh; a0 = 3.63 Å; energy = -6.91228 eV
element = Rh; a0 = 3.63 Å; energy = -6.93289 eV
element = Rh; a0 = 3.64 Å; energy = -6.95275 eV
element = Rh; a0 = 3.64 Å; energy = -6.97207 eV
element = Rh; a0 = 3.65 Å; energy = -6.99072 eV
element = Rh; a0 = 3.65 Å; energy = -7.00875 eV
element = Rh; a0 = 3.66 Å; energy = -7.02615 eV
element = Rh; a0 = 3.66 Å; energy = -7.04293 eV
element = Rh; a0 = 3.67 Å; energy = -7.05910 eV
element = Rh; a0 = 3.67 Å; energy = -7.07468 eV
element = Rh; a0 = 3.68 Å; energy = -7.08964 eV
element = Rh; a0 = 3.68 Å; energy = -7.10405 eV
element = Rh; a0 = 3.69 Å; energy = -7.11788 eV
element = Rh; a0 = 3.69 Å; energy = -7.13119 eV
element = Rh; a0 = 3.70 Å; energy = -7.14390 eV
element = Rh; a0 = 3.70 Å; energy = -7.15610 eV
element = Rh; a0 = 3.71 Å; energy = -7.16775 eV
element = Rh; a0 = 3.71 Å; energy = -7.17883 eV
element = Rh; a0 = 3.72 Å; energy = -7.18941 eV
element = Rh; a0 = 3.72 Å; energy = -7.19951 eV
element = Rh; a0 = 3.73 Å; energy = -7.20906 eV
element = Rh; a0 = 3.73 Å; energy = -7.21816 eV
element = Rh; a0 = 3.74 Å; energy = -7.22669 eV
element = Rh; a0 = 3.74 Å; energy = -7.23483 eV
element = Rh; a0 = 3.75 Å; energy = -7.24248 eV
element = Rh; a0 = 3.75 Å; energy = -7.24962 eV
element = Rh; a0 = 3.76 Å; energy = -7.25635 eV
element = Rh; a0 = 3.76 Å; energy = -7.26264 eV
element = Rh; a0 = 3.77 Å; energy = -7.26846 eV
element = Rh; a0 = 3.77 Å; energy = -7.27382 eV
element = Rh; a0 = 3.78 Å; energy = -7.27874 eV
element = Rh; a0 = 3.78 Å; energy = -7.28323 eV
element = Rh; a0 = 3.79 Å; energy = -7.28740 eV
element = Rh; a0 = 3.79 Å; energy = -7.29111 eV
element = Rh; a0 = 3.80 Å; energy = -7.29440 eV
element = Rh; a0 = 3.80 Å; energy = -7.29734 eV
element = Rh; a0 = 3.81 Å; energy = -7.29982 eV
element = Rh; a0 = 3.81 Å; energy = -7.30197 eV
element = Rh; a0 = 3.82 Å; energy = -7.30369 eV
element = Rh; a0 = 3.82 Å; energy = -7.30508 eV
element = Rh; a0 = 3.83 Å; energy = -7.30608 eV
element = Rh; a0 = 3.83 Å; energy = -7.30678 eV
element = Rh; a0 = 3.84 Å; energy = -7.30705 eV
element = Rh; a0 = 3.84 Å; energy = -7.30703 eV
element = Rh; a0 = 3.85 Å; energy = -7.30670 eV
element = Rh; a0 = 3.85 Å; energy = -7.30594 eV
element = Rh; a0 = 3.86 Å; energy = -7.30491 eV
element = Rh; a0 = 3.86 Å; energy = -7.30356 eV
element = Rh; a0 = 3.87 Å; energy = -7.30188 eV
element = Rh; a0 = 3.87 Å; energy = -7.29984 eV
element = Rh; a0 = 3.88 Å; energy = -7.29757 eV
element = Rh; a0 = 3.88 Å; energy = -7.29495 eV
element = Rh; a0 = 3.89 Å; energy = -7.29207 eV
element = Rh; a0 = 3.89 Å; energy = -7.28893 eV
element = Rh; a0 = 3.90 Å; energy = -7.28538 eV
element = Rh; a0 = 3.90 Å; energy = -7.28169 eV
element = Rh; a0 = 3.91 Å; energy = -7.27762 eV
element = Rh; a0 = 3.91 Å; energy = -7.27330 eV
element = Rh; a0 = 3.92 Å; energy = -7.26870 eV
element = Rh; a0 = 3.92 Å; energy = -7.26392 eV
element = Rh; a0 = 3.93 Å; energy = -7.25879 eV
element = Rh; a0 = 3.93 Å; energy = -7.25343 eV
element = Rh; a0 = 3.94 Å; energy = -7.24785 eV
element = Rh; a0 = 3.94 Å; energy = -7.24204 eV
element = Rh; a0 = 3.95 Å; energy = -7.23591 eV
element = Rh; a0 = 3.95 Å; energy = -7.22962 eV
element = Rh; a0 = 3.96 Å; energy = -7.22304 eV
element = Rh; a0 = 3.96 Å; energy = -7.21627 eV
element = Rh; a0 = 3.97 Å; energy = -7.20927 eV
element = Rh; a0 = 3.97 Å; energy = -7.20204 eV
element = Rh; a0 = 3.98 Å; energy = -7.19459 eV
element = Rh; a0 = 3.98 Å; energy = -7.18695 eV
element = Rh; a0 = 3.99 Å; energy = -7.17907 eV
element = Rh; a0 = 3.99 Å; energy = -7.17102 eV
element = Rh; a0 = 4.00 Å; energy = -7.16274 eV
element = Rh; a0 = 4.00 Å; energy = -7.15428 eV
element = Rh; a0 = 4.01 Å; energy = -7.14564 eV
element = Rh; a0 = 4.01 Å; energy = -7.13675 eV
element = Rh; a0 = 4.02 Å; energy = -7.12770 eV
element = Rh; a0 = 4.02 Å; energy = -7.11848 eV
element = Rh; a0 = 4.03 Å; energy = -7.10909 eV
element = Rh; a0 = 4.03 Å; energy = -7.09954 eV
element = Rh; a0 = 4.04 Å; energy = -7.08979 eV
element = Rh; a0 = 4.04 Å; energy = -7.07987 eV
element = Rh; a0 = 4.05 Å; energy = -7.06982 eV
element = Rh; a0 = 4.05 Å; energy = -7.05959 eV
element = Rh; a0 = 4.06 Å; energy = -7.04919 eV
element = Rh; a0 = 4.06 Å; energy = -7.03863 eV
element = Rh; a0 = 4.07 Å; energy = -7.02792 eV
element = Rh; a0 = 4.07 Å; energy = -7.01704 eV
element = Rh; a0 = 4.08 Å; energy = -7.00608 eV
element = Rh; a0 = 4.08 Å; energy = -6.99489 eV
element = Rh; a0 = 4.09 Å; energy = -6.98364 eV
element = Rh; a0 = 4.09 Å; energy = -6.97224 eV
element = Rh; a0 = 4.10 Å; energy = -6.96069 eV
element = Rh; a0 = 4.10 Å; energy = -6.94897 eV
element = Rh; a0 = 4.11 Å; energy = -6.93717 eV
element = Rh; a0 = 4.11 Å; energy = -6.92526 eV
element = Rh; a0 = 4.12 Å; energy = -6.91318 eV
element = Rh; a0 = 4.12 Å; energy = -6.90101 eV
element = Rh; a0 = 4.13 Å; energy = -6.88872 eV
element = Rh; a0 = 4.13 Å; energy = -6.87631 eV
element = Rh; a0 = 4.14 Å; energy = -6.86380 eV
element = Rh; a0 = 4.14 Å; energy = -6.85120 eV
element = Rh; a0 = 4.15 Å; energy = -6.83844 eV
element = Rh; a0 = 4.15 Å; energy = -6.82561 eV
element = Rh; a0 = 4.16 Å; energy = -6.81266 eV
element = Rh; a0 = 4.16 Å; energy = -6.79962 eV
element = Rh; a0 = 4.17 Å; energy = -6.78649 eV
element = Rh; a0 = 4.17 Å; energy = -6.77323 eV
element = Rh; a0 = 4.18 Å; energy = -6.75990 eV
element = Rh; a0 = 4.18 Å; energy = -6.74650 eV
element = Rh; a0 = 4.19 Å; energy = -6.73297 eV
element = Rh; a0 = 4.19 Å; energy = -6.71940 eV
element = Rh; a0 = 4.20 Å; energy = -6.70571 eV
element = Rh; a0 = 4.20 Å; energy = -6.69195 eV
element = Rh; a0 = 4.21 Å; energy = -6.67811 eV
element = Rh; a0 = 4.21 Å; energy = -6.66419 eV
element = Rh; a0 = 4.22 Å; energy = -6.65022 eV
element = Rh; a0 = 4.22 Å; energy = -6.63613 eV
element = Rh; a0 = 4.23 Å; energy = -6.62199 eV
element = Rh; a0 = 4.23 Å; energy = -6.60777 eV
element = Rh; a0 = 4.24 Å; energy = -6.59350 eV
element = Rh; a0 = 4.24 Å; energy = -6.57917 eV
element = Rh; a0 = 4.25 Å; energy = -6.56476 eV
element = Rh; a0 = 4.25 Å; energy = -6.55029 eV
element = Rh; a0 = 4.26 Å; energy = -6.53577 eV
element = Rh; a0 = 4.26 Å; energy = -6.52115 eV
element = Rh; a0 = 4.27 Å; energy = -6.50656 eV
element = Rh; a0 = 4.27 Å; energy = -6.49187 eV
element = Rh; a0 = 4.28 Å; energy = -6.47712 eV
element = Rh; a0 = 4.28 Å; energy = -6.46232 eV
element = Rh; a0 = 4.29 Å; energy = -6.44748 eV
element = Rh; a0 = 4.29 Å; energy = -6.43256 eV
element = Rh; a0 = 4.30 Å; energy = -6.41759 eV
element = Rh; a0 = 4.30 Å; energy = -6.40262 eV
element = Rh; a0 = 4.31 Å; energy = -6.38762 eV
element = Rh; a0 = 4.31 Å; energy = -6.37253 eV
element = Rh; a0 = 4.32 Å; energy = -6.35742 eV
element = Rh; a0 = 4.32 Å; energy = -6.34229 eV
element = Rh; a0 = 4.33 Å; energy = -6.32710 eV
element = Rh; a0 = 4.33 Å; energy = -6.31188 eV
element = Rh; a0 = 4.34 Å; energy = -6.29660 eV
element = Rh; a0 = 4.34 Å; energy = -6.28131 eV
element = Rh; a0 = 4.35 Å; energy = -6.26600 eV
element = Rh; a0 = 4.35 Å; energy = -6.25062 eV
element = Rh; a0 = 4.36 Å; energy = -6.23526 eV
element = Rh; a0 = 4.36 Å; energy = -6.21985 eV
element = Rh; a0 = 4.37 Å; energy = -6.20445 eV
element = Rh; a0 = 4.37 Å; energy = -6.18897 eV
element = Rh; a0 = 4.38 Å; energy = -6.17346 eV
element = Rh; a0 = 4.38 Å; energy = -6.15797 eV
element = Rh; a0 = 4.39 Å; energy = -6.14242 eV
element = Rh; a0 = 4.39 Å; energy = -6.12691 eV
element = Rh; a0 = 4.40 Å; energy = -6.11133 eV
element = Rh; a0 = 4.40 Å; energy = -6.09573 eV
element = Rh; a0 = 4.41 Å; energy = -6.08017 eV
element = Rh; a0 = 4.41 Å; energy = -6.06456 eV
element = Rh; a0 = 4.42 Å; energy = -6.04896 eV
element = Rh; a0 = 4.42 Å; energy = -6.03326 eV
element = Rh; a0 = 4.43 Å; energy = -6.01761 eV
element = Rh; a0 = 4.43 Å; energy = -6.00193 eV
element = Rh; a0 = 4.44 Å; energy = -5.98627 eV
element = Rh; a0 = 4.44 Å; energy = -5.97058 eV
element = Rh; a0 = 4.45 Å; energy = -5.95487 eV
element = Rh; a0 = 4.45 Å; energy = -5.93918 eV
element = Rh; a0 = 4.46 Å; energy = -5.92347 eV
element = Rh; a0 = 4.46 Å; energy = -5.90772 eV
element = Rh; a0 = 4.47 Å; energy = -5.89202 eV
element = Rh; a0 = 4.47 Å; energy = -5.87631 eV
element = Rh; a0 = 4.48 Å; energy = -5.86057 eV
element = Rh; a0 = 4.48 Å; energy = -5.84484 eV
element = Rh; a0 = 4.49 Å; energy = -5.82912 eV
element = Rh; a0 = 4.49 Å; energy = -5.81336 eV
element = Rh; a0 = 4.50 Å; energy = -5.79765 eV
Runtime 1848.239589691162
